⚠️  SHEET_CSV_URL not configured — using fallback products
⚠️  SHEET_CSV_URL not configured — using fallback products
⚠️  SHEET_CSV_URL not configured — using fallback products
⚠️  SHEET_CSV_URL not configured — using fallback products
⚠️  SHEET_CSV_URL not configured — using fallback products
❌ WhatsApp API error: {
  message: '(#131030) Recipient phone number not in allowed list',
  code: 131030,
  type: 'OAuthException',
  error_data: {
    messaging_product: 'whatsapp',
    details: 'رقم هاتف المستلم غير مدرج بالقائمة المسموح بها: يمكنك إضافة رقم هاتف مستلم إلى قائمة المستلمين وإعادة المحاولة.'
  },
  fbtrace_id: 'A0Uy9V43nI1W81Swr4pBa6y'
}
⚠️  SHEET_CSV_URL not configured — using fallback products
⚠️  SHEET_CSV_URL not configured — using fallback products
⚠️  SHEET_CSV_URL not configured — using fallback products
⚠️  SHEET_CSV_URL not configured — using fallback products
⚠️  SHEET_CSV_URL not configured — using fallback products
⚠️  SHEET_CSV_URL not configured — using fallback products
⚠️  SHEET_CSV_URL not configured — using fallback products
⚠️  SHEET_CSV_URL not configured — using fallback products
⚠️  SHEET_CSV_URL not configured — using fallback products
⚠️  SHEET_CSV_URL not configured — using fallback products
⚠️  SHEET_CSV_URL not configured — using fallback products
⚠️  SHEET_CSV_URL not configured — using fallback products
⚠️  SHEET_CSV_URL not configured — using fallback products
⚠️  SHEET_CSV_URL not configured — using fallback products
⚠️  SHEET_CSV_URL not configured — using fallback products
⚠️  SHEET_CSV_URL not configured — using fallback products
⚠️  SHEET_CSV_URL not configured — using fallback products
⚠️  SHEET_CSV_URL not configured — using fallback products
